<?xml version="1.0" encoding="UTF-8"?>
<!-- Generated by org.testng.reporters.JUnitReportReporter -->
<testsuite hostname="DESKTOP-R4LTDL4" failures="0" tests="1" name="lesson3TDD.TestELearning" time="30.054" errors="0" timestamp="2024-01-19T17:40:50 IST" skipped="0">
  <testcase classname="lesson3TDD.TestELearning" name="testelearning" time="30.054"/>
  <system-out/>
</testsuite> <!-- lesson3TDD.TestELearning -->
